
> @mativated-monorepo/client@0.1.0 build C:\Users\PC\Desktop\PROJEKTY\mativated-monorepo\apps\client
> vite build

[36mvite v5.1.1 [32mbuilding for production...[36m[39m
transforming...
[32m✓[39m 2423 modules transformed.
rendering chunks...
computing gzip size...
[2mdist/[22m[32mindex.html                            [39m[1m[2m  1.07 kB[22m[1m[22m[2m │ gzip:   0.56 kB[22m
[2mdist/[22m[32massets/g4n3sha5-DUSWodL6.jpg          [39m[1m[2m  6.89 kB[22m[1m[22m
[2mdist/[22m[32massets/sam-mgrdichian5-C8eie2Yg.webp  [39m[1m[2m  9.14 kB[22m[1m[22m
[2mdist/[22m[32massets/wlkp-DlAR0zxd.png              [39m[1m[2m  9.36 kB[22m[1m[22m
[2mdist/[22m[32massets/calendar-CDuDrpoH.png          [39m[1m[2m 14.87 kB[22m[1m[22m
[2mdist/[22m[32massets/gbpoznan-EBYysI2l.webp         [39m[1m[2m 17.77 kB[22m[1m[22m
[2mdist/[22m[32massets/brucelee-DWSrU4AX.webp         [39m[1m[2m 21.90 kB[22m[1m[22m
[2mdist/[22m[32massets/BlueBelt-D2MFqNw8.png          [39m[1m[2m 28.74 kB[22m[1m[22m
[33m
[2mdist/[22m[32massets/logo-removebg-Bj1TL6NW.png     [39m[1m[2m 41.91 kB[22m[1m[22m
[2mdist/[22m[32massets/amit-kumar-BNZ1Jqqf.webp       [39m[1m[2m716.47 kB[22m[1m[22m
(!) Some chunks are larger than 500 kB after minification. Consider:
[2mdist/[22m[32massets/jonathan-borba-D6r4E8sI.webp   [39m[1m[2m747.34 kB[22m[1m[22m
[2mdist/[22m[35massets/index-DKdvZs-_.css             [39m[1m[2m 52.90 kB[22m[1m[22m[2m │ gzip:   9.68 kB[22m
[2mdist/[22m[36massets/index-NDFoYxrC.js              [39m[1m[33m733.60 kB[39m[22m[2m │ gzip: 220.00 kB[22m
- Using dynamic import() to code-split the application
- Use build.rollupOptions.output.manualChunks to improve chunking: https://rollupjs.org/configuration-options/#output-manualchunks
- Adjust chunk size limit for this warning via build.chunkSizeWarningLimit.[39m
[32m✓ built in 5.72s[39m
